


###############
###  SETUP  ###
###############

echo "Setting up variables"

# directories
script_dir="/home/sejoslin/git_repos/DS_sex-marker/scripts"
code_dir="/home/sejoslin/scripts"
data_dir="/group/millermrgrp2/shannon/projects/DS_sex-marker/01-RAD_deNovo/maleOnly"

# other
prefix="SexMarker_M"
nInd="4"

#############
###  RUN  ###
#############

###  Modify Identify Loci Script  ###
cd ${script_dir}
cat << PARAM >> IdentifyLoci3.${prefix}.pl
#!/usr/bin/perl

#######################################################################################
\$max_alignment_score = 30;
\$divergence_factor = 3;
\$min_count = 0; #zero turns off to use min_flag instead
\$min_flag = 0; #zero turns off to use min_count instead
\$max_internal_alignments = 0; # use 0 for sex chromosome, 1 if diploid
\$min_internal_alignments = 0;
\$max_external_alignments = 3; # twice the df of the total number of samples (i.e. individuals) in the alignment
\$min_external_alignments = 2; # approximately half of the df of the total number of samples (i.e. individuals) in the alignment
\$max_total_alignments = 3; # max_ext_align + max_int_align
\$min_total_alignments = 2; # min_ext_align + min_int_align
\$min_alleles = 1;
\$max_alleles = 2;
\$min_samples_per_allele = 1;
\$max_samples_per_allele = 4; # total number of samples (i.e. individuals) in the alignment
#######################################################################################
PARAM

tail -165 ${code_dir}/IdentifyLoci3.pl >> IdentifyLoci3.${prefix}.pl
chmod a+x IdentifyLoci3.${prefix}.pl


##  RUN scripts to ID loci
echo "Running RAD_deNovo_idLoci.sh"
echo ""
bash ${script_dir}/RAD_deNovo_idLoci.sh ${data_dir} ${script_dir} ${code_dir} ${prefix}


###############
###  SETUP  ###
###############
echo "Setting up variables"
echo ""

# external
DATA_dir=$1     # directory where novo scripts are located
SCRIPT_dir=$2	# directory with project scripts 
CODE_dir=$3	# directory with perl scripts
PREFIX=$4	# prefix of project

echo "Data directory: ${DATA_dir}"
echo "Script directory: ${SCRIPT_dir}"
echo "Code directory: ${CODE_dir}"
echo "Prefix: ${PREFIX}"
echo ""



###################
###  DO THINGS  ###
###################
##  identify & count loci
cd ${DATA_dir}

# Identify loci
echo "identifying loci -- $(date +%D' '%T)"
perl ${SCRIPT_dir}/IdentifyLoci3.${PREFIX}.pl ${PREFIX}.novo > ${PREFIX}.loci
chmod a=r ${PREFIX}.loci

# Then count polymorphic sites
echo "counting polymorphic sites -- $(date +%D' '%T)"
perl ${CODE_dir}/SimplifyLoci2.pl ${PREFIX}.loci > ${PREFIX}.simple.loci
nLoci=$(grep "_2" ${PREFIX}.simple.loci | wc -l)
echo "    There are ${nLoci} polymorphic sites." 
chmod a=r ${PREFIX}.simple.loci


# grab the first instance of all the sequences
cd ${data_dir}
grep -A 1 --no-group-separator "_1" ${prefix}.simple.loci >> ${prefix}.simple._1.loci
chmod a=r ${prefix}.simple._1.loci
