
hostname
start=`date +%s`
echo "My SLURM_JOB_ID: $SLURM_JOB_ID"

###############
###  SETUP  ###
###############
proj="DS_sex-marker"
fq_prefix="RX"
lib_prefix="BMAG0"

# directories
script_dir="/home/sejoslin/git_repos/${proj}/scripts"
data_dir="/home/sejoslin/projects/sexMarker/data"
bam_dir="/group/millermrgrp2/shannon/projects/${proj}/02-RAD_alignments"

# files
reference="/group/millermrgrp2/shannon/projects/DS_sex-marker/01-RAD_deNovo/maleOnly/SexMarker_M.simple._1.loci"

# other
priority="bigmemh"


#############
###  RUN  ###
#############
bash ${script_dir}/alignRAD.R1.sh ${data_dir} ${bam_dir} ${lib_prefix} ${fq_prefix} ${proj} ${reference} ${priority}


###############
###  SETUP  ###
###############

echo "Setting up variables" 

# external
DATA_dir=$1	# directory where fasta data are contained
RAD_dir=$2	# RAD alignment directory
LIB_prefix=$3	# prefix to of where fasta data are located
FQ_prefix=$4	# fastq file prefix 
PROJ=$5		# project ID 
REFERENCE=$6	# reference fasta

###################
###  DO THINGS  ###
###################

mkdir -p ${RAD_dir}
echo "This directory contains the following:" >> ${RAD_dir}/README

### Make list of all sequence files to be aligned
cd ${DATA_dir}

for i in ${LIB_prefix}??
do
	echo "Navigating to ${i}"
	cd ${i}
	wc=$(wc -l indexid.list | awk '{print $1}')
	x=1
	while [ $x -le $wc ]
	do
		tagline="sed -n ${x}p indexid.list"
		tag=$($tagline)
		echo $tag
		cd ${tag}
		for file in ${FQ_prefix}*_R1.fastq
		do
			base=$(basename $file _R1.fastq)
			echo ${base} ${DATA_dir}/${i}/${tag}/${base} >> ${RAD_dir}/${PROJ}.RADseqID.list
			# RADseqID.list fmt: ind_ID global/path/to/ind
		done
		cd ${DATA_dir}/${i}
		x=$(( $x + 1 ))
	done
	cd ${DATA_dir}
done
echo "    ${PROJ}.RADseqID.list == list of individuals to align (fmt: ind_ID global/path/to/ind)" >> ${RAD_dir}/README

### Index reference
bwa index ${REFERENCE}
[bwa_index] Pack FASTA... 0.19 sec
[bwa_index] Construct BWT for the packed sequence...
[bwa_index] 3.68 seconds elapse.
[bwa_index] Update BWT... 0.07 sec
[bwa_index] Pack forward-only FASTA... 0.15 sec
[bwa_index] Construct SA from BWT and Occ... 1.35 sec
[main] Version: 0.7.17-r1188
[main] CMD: bwa index /group/millermrgrp2/shannon/projects/DS_sex-marker/01-RAD_deNovo/maleOnly/SexMarker_M.simple._1.loci
[main] Real time: 5.631 sec; CPU: 5.443 sec
sleep 1m

### Align to reference
cd ${RAD_dir}
wc=$(wc -l ${PROJ}.RADseqID.list | awk '{print $1}')
x=1
while [ $x -le $wc ]
do
	string="sed -n ${x}p ${PROJ}.RADseqID.list"
        str=$($string)

        var=$(echo $str | awk -F"\t" '{print $1}')
        set -- $var
        c1=$1
        c2=$2

	cat << ALIGNING >> ${RAD_dir}/align_${c1}.sh
#!/bin/bash -l
#
#SBATCH -o align_${c1}.j%j.out
#SBATCH -e align_${c1}.j%j.err
#SBATCH --mem=32G
#SBATCH -t 01:00:00
#SBATCH -J ${c1}

set -e
set -v

hostname
start=\`date +%s\`
echo "My SLURM_JOB_ID: \$SLURM_JOB_ID"

echo "Aligning reads \$(date)"
bwa mem ${REFERENCE} ${c2}_R1.fastq | samtools view -Sb - | samtools sort - -o ${c1}.sort.bam

sleep 1m
echo "Indexing alignment \$(date)"
samtools index ${c1}.sort.bam ${c1}.sort.bam.bai

## STATS ##
samtools flagstat ${c1}.sort.bam >> ${c1}.sort.bam.flagstat

echo "Job complete at \$(date)"

end=\`date +%s\`
runtime=\$((end-start))
echo "Runtime : "\${runtime}
ALIGNING

	sbatch align_${c1}.sh
	x=$(( $x + 1 ))
done

###  README  ###
cat << readme >> ${RAD_dir}/README
    *.sort == all sorted aligned reads
    *.sort.bam.bai == indexed alignment
    *.flagstat == statistics for each alignment
readme

end=`date +%s`
runtime=$((end-start))
echo "Runtime : "${runtime}
